2026-04-02 16:43:49,919 [INFO] 🤖 Bot starting… Channel: @EasyCs
2026-04-02 16:43:57,039 [INFO] 🤖 Bot starting… Channel: @EasyCs
2026-04-02 16:44:44,478 [INFO] User 7020797610 (@oooooooby) → /start or /course
2026-04-02 16:44:45,222 [WARNING] Subscription check failed for 7020797610: A request to the Telegram API was unsuccessful. Error code: 400. Description: Bad Request: chat not found
2026-04-02 16:44:57,714 [WARNING] Subscription check failed for 7020797610: A request to the Telegram API was unsuccessful. Error code: 400. Description: Bad Request: chat not found
2026-04-02 16:44:57,714 [INFO] User 7020797610 NOT subscribed yet.
2026-04-02 16:45:47,686 [INFO] User 8085298705 (@Overfloooow) → /start or /course
2026-04-02 16:45:47,890 [WARNING] Subscription check failed for 8085298705: A request to the Telegram API was unsuccessful. Error code: 400. Description: Bad Request: chat not found
2026-04-02 16:45:53,931 [WARNING] Subscription check failed for 8085298705: A request to the Telegram API was unsuccessful. Error code: 400. Description: Bad Request: chat not found
2026-04-02 16:45:53,932 [INFO] User 8085298705 NOT subscribed yet.
2026-04-02 16:46:07,655 [WARNING] Subscription check failed for 8085298705: A request to the Telegram API was unsuccessful. Error code: 400. Description: Bad Request: chat not found
2026-04-02 16:46:07,655 [INFO] User 8085298705 NOT subscribed yet.
2026-04-02 16:46:23,218 [WARNING] Subscription check failed for 8085298705: A request to the Telegram API was unsuccessful. Error code: 400. Description: Bad Request: chat not found
2026-04-02 16:46:23,219 [INFO] User 8085298705 NOT subscribed yet.
2026-04-02 16:46:30,898 [WARNING] Subscription check failed for 8085298705: A request to the Telegram API was unsuccessful. Error code: 400. Description: Bad Request: chat not found
2026-04-02 16:46:30,899 [INFO] User 8085298705 NOT subscribed yet.
2026-04-02 16:46:39,857 [WARNING] Subscription check failed for 8085298705: A request to the Telegram API was unsuccessful. Error code: 400. Description: Bad Request: chat not found
2026-04-02 16:46:39,858 [INFO] User 8085298705 NOT subscribed yet.
2026-04-02 16:52:31,766 [INFO] 🤖 Bot starting… Channel: @EasyCs
2026-04-02 16:52:56,765 [INFO] User 8085298705 (@Overfloooow) → /start or /course
2026-04-02 16:52:57,367 [WARNING] Subscription check failed for 8085298705: A request to the Telegram API was unsuccessful. Error code: 400. Description: Bad Request: chat not found
2026-04-02 16:53:33,913 [WARNING] Subscription check failed for 8085298705: A request to the Telegram API was unsuccessful. Error code: 400. Description: Bad Request: chat not found
2026-04-02 16:53:33,913 [INFO] User 8085298705 NOT subscribed yet.
2026-04-02 16:59:40,966 [WARNING] Subscription check failed for 8085298705: A request to the Telegram API was unsuccessful. Error code: 400. Description: Bad Request: chat not found
2026-04-02 16:59:40,966 [INFO] User 8085298705 NOT subscribed yet.
2026-04-02 16:59:46,010 [WARNING] Subscription check failed for 8085298705: A request to the Telegram API was unsuccessful. Error code: 400. Description: Bad Request: chat not found
2026-04-02 16:59:46,010 [INFO] User 8085298705 NOT subscribed yet.
2026-04-02 17:11:23,598 [INFO] 🤖 Bot starting… Channel: @Easy Cs
2026-04-02 17:11:45,405 [WARNING] Subscription check failed for 7020797610: A request to the Telegram API was unsuccessful. Error code: 400. Description: Bad Request: chat not found
2026-04-02 17:11:45,406 [INFO] User 7020797610 NOT subscribed yet.
2026-04-02 17:12:03,897 [INFO] User 7020797610 (@oooooooby) → /start or /course
2026-04-02 17:12:04,058 [WARNING] Subscription check failed for 7020797610: A request to the Telegram API was unsuccessful. Error code: 400. Description: Bad Request: chat not found
2026-04-02 17:12:12,292 [WARNING] Subscription check failed for 7020797610: A request to the Telegram API was unsuccessful. Error code: 400. Description: Bad Request: chat not found
2026-04-02 17:12:12,293 [INFO] User 7020797610 NOT subscribed yet.
2026-04-02 17:13:11,967 [INFO] User 8085298705 (@Overfloooow) → /start or /course
2026-04-02 17:13:12,196 [WARNING] Subscription check failed for 8085298705: A request to the Telegram API was unsuccessful. Error code: 400. Description: Bad Request: chat not found
2026-04-02 17:13:51,927 [WARNING] Subscription check failed for 8085298705: A request to the Telegram API was unsuccessful. Error code: 400. Description: Bad Request: chat not found
2026-04-02 17:13:51,927 [INFO] User 8085298705 NOT subscribed yet.
2026-04-02 17:25:46,194 [INFO] 🤖 Bot starting… Channel: @Easy Cs
2026-04-02 17:26:12,888 [INFO] User 7020797610 (@oooooooby) → /start or /course
2026-04-02 17:26:14,015 [WARNING] Subscription check failed for 7020797610: A request to the Telegram API was unsuccessful. Error code: 400. Description: Bad Request: chat not found
2026-04-02 17:26:24,047 [WARNING] Subscription check failed for 7020797610: A request to the Telegram API was unsuccessful. Error code: 400. Description: Bad Request: chat not found
2026-04-02 17:26:24,047 [INFO] User 7020797610 NOT subscribed yet.
2026-04-02 17:26:38,793 [WARNING] Subscription check failed for 7020797610: A request to the Telegram API was unsuccessful. Error code: 400. Description: Bad Request: chat not found
2026-04-02 17:26:38,793 [INFO] User 7020797610 NOT subscribed yet.
2026-04-02 17:26:46,676 [WARNING] Subscription check failed for 7020797610: A request to the Telegram API was unsuccessful. Error code: 400. Description: Bad Request: chat not found
2026-04-02 17:26:46,676 [INFO] User 7020797610 NOT subscribed yet.
2026-04-02 17:44:08,335 [INFO] 🤖 Bot initialising…
2026-04-02 17:44:09,453 [INFO] Webhook cleared. Running in long-polling mode.
2026-04-02 17:44:10,667 [INFO] Bot commands registered.
2026-04-02 17:44:10,782 [INFO] ✅ Running as @GetAlgebraLinkbot (ID: 8708911994)
2026-04-02 17:44:10,973 [INFO] 🔄 Polling started.
2026-04-02 17:44:12,625 [ERROR] Threaded polling exception: A request to the Telegram API was unsuccessful. Error code: 400. Description: Bad Request: query is too old and response timeout expired or query ID is invalid
2026-04-02 17:44:12,628 [ERROR] Exception traceback:
Traceback (most recent call last):
  File "/home/nassi/BootSetup/BotEnv/lib/python3.14/site-packages/telebot/__init__.py", line 1235, in __threaded_polling
    self.worker_pool.raise_exceptions()
    ~~~~~~~~~~~~~~~~~~~~~~~~~~~~~~~~~^^
  File "/home/nassi/BootSetup/BotEnv/lib/python3.14/site-packages/telebot/util.py", line 154, in raise_exceptions
    raise self.exception_info
  File "/home/nassi/BootSetup/BotEnv/lib/python3.14/site-packages/telebot/util.py", line 97, in run
    task(*args, **kwargs)
    ~~~~^^^^^^^^^^^^^^^^^
  File "/home/nassi/BootSetup/BotEnv/lib/python3.14/site-packages/telebot/__init__.py", line 10456, in _run_middlewares_and_handler
    result = handler['function'](message)
  File "/home/nassi/BootSetup/GetAlgebraLinkBotPowerVersion.py", line 475, in callback_check_sub
    bot.answer_callback_query(call.id, "🔍 Checking subscription…")
    ~~~~~~~~~~~~~~~~~~~~~~~~~^^^^^^^^^^^^^^^^^^^^^^^^^^^^^^^^^^^^^^
  File "/home/nassi/BootSetup/BotEnv/lib/python3.14/site-packages/telebot/__init__.py", line 6580, in answer_callback_query
    return apihelper.answer_callback_query(
           ~~~~~~~~~~~~~~~~~~~~~~~~~~~~~~~^
        self.token, callback_query_id, text=text, show_alert=show_alert, url=url, cache_time=cache_time)
        ^^^^^^^^^^^^^^^^^^^^^^^^^^^^^^^^^^^^^^^^^^^^^^^^^^^^^^^^^^^^^^^^^^^^^^^^^^^^^^^^^^^^^^^^^^^^^^^^
  File "/home/nassi/BootSetup/BotEnv/lib/python3.14/site-packages/telebot/apihelper.py", line 2047, in answer_callback_query
    return _make_request(token, method_url, params=payload, method='post')
  File "/home/nassi/BootSetup/BotEnv/lib/python3.14/site-packages/telebot/apihelper.py", line 168, in _make_request
    json_result = _check_result(method_name, result)
  File "/home/nassi/BootSetup/BotEnv/lib/python3.14/site-packages/telebot/apihelper.py", line 197, in _check_result
    raise ApiTelegramException(method_name, result, result_json)
telebot.apihelper.ApiTelegramException: A request to the Telegram API was unsuccessful. Error code: 400. Description: Bad Request: query is too old and response timeout expired or query ID is invalid

2026-04-02 17:44:19,067 [INFO] User 8085298705 (@Overfloooow) → /start
2026-04-02 17:44:19,197 [WARNING] Subscription check failed for 8085298705: A request to the Telegram API was unsuccessful. Error code: 400. Description: Bad Request: chat not found
2026-04-02 17:44:45,932 [WARNING] Subscription check failed for 8085298705: A request to the Telegram API was unsuccessful. Error code: 400. Description: Bad Request: chat not found
2026-04-02 17:44:45,933 [INFO] User 8085298705 not subscribed yet.
2026-04-02 17:45:02,273 [WARNING] Subscription check failed for 8085298705: A request to the Telegram API was unsuccessful. Error code: 400. Description: Bad Request: chat not found
2026-04-02 17:45:02,273 [INFO] User 8085298705 not subscribed yet.
2026-04-02 17:45:51,197 [WARNING] Subscription check failed for 8085298705: A request to the Telegram API was unsuccessful. Error code: 400. Description: Bad Request: chat not found
2026-04-02 17:45:51,198 [INFO] User 8085298705 not subscribed yet.
2026-04-02 17:46:03,441 [WARNING] Subscription check failed for 8085298705: A request to the Telegram API was unsuccessful. Error code: 400. Description: Bad Request: chat not found
2026-04-02 17:46:03,441 [INFO] User 8085298705 not subscribed yet.
2026-04-02 17:46:09,246 [WARNING] Subscription check failed for 8085298705: A request to the Telegram API was unsuccessful. Error code: 400. Description: Bad Request: chat not found
2026-04-02 17:46:09,247 [INFO] User 8085298705 not subscribed yet.
2026-04-02 18:19:20,251 [INFO] 🤖 Bot initialising…
2026-04-02 18:19:21,506 [INFO] Webhook cleared. Running in long-polling mode.
2026-04-02 18:19:22,346 [INFO] Bot commands registered.
2026-04-02 18:19:22,457 [INFO] ✅ Running as @GetAlgebraLinkbot (ID: 8708911994)
2026-04-02 18:19:22,627 [INFO] 🔄 Polling started.
2026-04-02 18:19:25,085 [ERROR] Threaded polling exception: A request to the Telegram API was unsuccessful. Error code: 400. Description: Bad Request: can't parse entities: Unsupported start tag "user_id" at byte offset 12
2026-04-02 18:19:25,105 [ERROR] Exception traceback:
Traceback (most recent call last):
  File "/home/nassi/BootSetup/BotEnv/lib/python3.14/site-packages/telebot/__init__.py", line 1235, in __threaded_polling
    self.worker_pool.raise_exceptions()
    ~~~~~~~~~~~~~~~~~~~~~~~~~~~~~~~~~^^
  File "/home/nassi/BootSetup/BotEnv/lib/python3.14/site-packages/telebot/util.py", line 154, in raise_exceptions
    raise self.exception_info
  File "/home/nassi/BootSetup/BotEnv/lib/python3.14/site-packages/telebot/util.py", line 97, in run
    task(*args, **kwargs)
    ~~~~^^^^^^^^^^^^^^^^^
  File "/home/nassi/BootSetup/BotEnv/lib/python3.14/site-packages/telebot/__init__.py", line 10456, in _run_middlewares_and_handler
    result = handler['function'](message)
  File "/home/nassi/BootSetup/GetCourseLinkSuperPower.py", line 408, in cmd_ban
    bot.send_message(message.chat.id, "Usage: /ban <user_id>")
    ~~~~~~~~~~~~~~~~^^^^^^^^^^^^^^^^^^^^^^^^^^^^^^^^^^^^^^^^^^
  File "/home/nassi/BootSetup/BotEnv/lib/python3.14/site-packages/telebot/__init__.py", line 1834, in send_message
    apihelper.send_message(
    ~~~~~~~~~~~~~~~~~~~~~~^
        self.token, chat_id, text,
        ^^^^^^^^^^^^^^^^^^^^^^^^^^
    ...<4 lines>...
        suggested_post_parameters=suggested_post_parameters
        ^^^^^^^^^^^^^^^^^^^^^^^^^^^^^^^^^^^^^^^^^^^^^^^^^^^
    )
    ^
  File "/home/nassi/BootSetup/BotEnv/lib/python3.14/site-packages/telebot/apihelper.py", line 282, in send_message
    return _make_request(token, method_url, params=payload, method='post')
  File "/home/nassi/BootSetup/BotEnv/lib/python3.14/site-packages/telebot/apihelper.py", line 168, in _make_request
    json_result = _check_result(method_name, result)
  File "/home/nassi/BootSetup/BotEnv/lib/python3.14/site-packages/telebot/apihelper.py", line 197, in _check_result
    raise ApiTelegramException(method_name, result, result_json)
telebot.apihelper.ApiTelegramException: A request to the Telegram API was unsuccessful. Error code: 400. Description: Bad Request: can't parse entities: Unsupported start tag "user_id" at byte offset 12

2026-04-02 18:20:06,976 [ERROR] Threaded polling exception: A request to the Telegram API was unsuccessful. Error code: 400. Description: Bad Request: can't parse entities: Unsupported start tag "user_id" at byte offset 14
2026-04-02 18:20:06,996 [ERROR] Exception traceback:
Traceback (most recent call last):
  File "/home/nassi/BootSetup/BotEnv/lib/python3.14/site-packages/telebot/__init__.py", line 1235, in __threaded_polling
    self.worker_pool.raise_exceptions()
    ~~~~~~~~~~~~~~~~~~~~~~~~~~~~~~~~~^^
  File "/home/nassi/BootSetup/BotEnv/lib/python3.14/site-packages/telebot/util.py", line 154, in raise_exceptions
    raise self.exception_info
  File "/home/nassi/BootSetup/BotEnv/lib/python3.14/site-packages/telebot/util.py", line 97, in run
    task(*args, **kwargs)
    ~~~~^^^^^^^^^^^^^^^^^
  File "/home/nassi/BootSetup/BotEnv/lib/python3.14/site-packages/telebot/__init__.py", line 10456, in _run_middlewares_and_handler
    result = handler['function'](message)
  File "/home/nassi/BootSetup/GetCourseLinkSuperPower.py", line 427, in cmd_unban
    bot.send_message(message.chat.id, "Usage: /unban <user_id>")
    ~~~~~~~~~~~~~~~~^^^^^^^^^^^^^^^^^^^^^^^^^^^^^^^^^^^^^^^^^^^^
  File "/home/nassi/BootSetup/BotEnv/lib/python3.14/site-packages/telebot/__init__.py", line 1834, in send_message
    apihelper.send_message(
    ~~~~~~~~~~~~~~~~~~~~~~^
        self.token, chat_id, text,
        ^^^^^^^^^^^^^^^^^^^^^^^^^^
    ...<4 lines>...
        suggested_post_parameters=suggested_post_parameters
        ^^^^^^^^^^^^^^^^^^^^^^^^^^^^^^^^^^^^^^^^^^^^^^^^^^^
    )
    ^
  File "/home/nassi/BootSetup/BotEnv/lib/python3.14/site-packages/telebot/apihelper.py", line 282, in send_message
    return _make_request(token, method_url, params=payload, method='post')
  File "/home/nassi/BootSetup/BotEnv/lib/python3.14/site-packages/telebot/apihelper.py", line 168, in _make_request
    json_result = _check_result(method_name, result)
  File "/home/nassi/BootSetup/BotEnv/lib/python3.14/site-packages/telebot/apihelper.py", line 197, in _check_result
    raise ApiTelegramException(method_name, result, result_json)
telebot.apihelper.ApiTelegramException: A request to the Telegram API was unsuccessful. Error code: 400. Description: Bad Request: can't parse entities: Unsupported start tag "user_id" at byte offset 14

2026-04-02 18:20:28,574 [ERROR] Threaded polling exception: A request to the Telegram API was unsuccessful. Error code: 400. Description: Bad Request: can't parse entities: Unsupported start tag "user_id" at byte offset 12
2026-04-02 18:20:28,594 [ERROR] Exception traceback:
Traceback (most recent call last):
  File "/home/nassi/BootSetup/BotEnv/lib/python3.14/site-packages/telebot/__init__.py", line 1235, in __threaded_polling
    self.worker_pool.raise_exceptions()
    ~~~~~~~~~~~~~~~~~~~~~~~~~~~~~~~~~^^
  File "/home/nassi/BootSetup/BotEnv/lib/python3.14/site-packages/telebot/util.py", line 154, in raise_exceptions
    raise self.exception_info
  File "/home/nassi/BootSetup/BotEnv/lib/python3.14/site-packages/telebot/util.py", line 97, in run
    task(*args, **kwargs)
    ~~~~^^^^^^^^^^^^^^^^^
  File "/home/nassi/BootSetup/BotEnv/lib/python3.14/site-packages/telebot/__init__.py", line 10456, in _run_middlewares_and_handler
    result = handler['function'](message)
  File "/home/nassi/BootSetup/GetCourseLinkSuperPower.py", line 408, in cmd_ban
    bot.send_message(message.chat.id, "Usage: /ban <user_id>")
    ~~~~~~~~~~~~~~~~^^^^^^^^^^^^^^^^^^^^^^^^^^^^^^^^^^^^^^^^^^
  File "/home/nassi/BootSetup/BotEnv/lib/python3.14/site-packages/telebot/__init__.py", line 1834, in send_message
    apihelper.send_message(
    ~~~~~~~~~~~~~~~~~~~~~~^
        self.token, chat_id, text,
        ^^^^^^^^^^^^^^^^^^^^^^^^^^
    ...<4 lines>...
        suggested_post_parameters=suggested_post_parameters
        ^^^^^^^^^^^^^^^^^^^^^^^^^^^^^^^^^^^^^^^^^^^^^^^^^^^
    )
    ^
  File "/home/nassi/BootSetup/BotEnv/lib/python3.14/site-packages/telebot/apihelper.py", line 282, in send_message
    return _make_request(token, method_url, params=payload, method='post')
  File "/home/nassi/BootSetup/BotEnv/lib/python3.14/site-packages/telebot/apihelper.py", line 168, in _make_request
    json_result = _check_result(method_name, result)
  File "/home/nassi/BootSetup/BotEnv/lib/python3.14/site-packages/telebot/apihelper.py", line 197, in _check_result
    raise ApiTelegramException(method_name, result, result_json)
telebot.apihelper.ApiTelegramException: A request to the Telegram API was unsuccessful. Error code: 400. Description: Bad Request: can't parse entities: Unsupported start tag "user_id" at byte offset 12

2026-04-02 18:20:41,223 [ERROR] Threaded polling exception: A request to the Telegram API was unsuccessful. Error code: 400. Description: Bad Request: can't parse entities: Unsupported start tag "message" at byte offset 18
2026-04-02 18:20:41,243 [ERROR] Exception traceback:
Traceback (most recent call last):
  File "/home/nassi/BootSetup/BotEnv/lib/python3.14/site-packages/telebot/__init__.py", line 1235, in __threaded_polling
    self.worker_pool.raise_exceptions()
    ~~~~~~~~~~~~~~~~~~~~~~~~~~~~~~~~~^^
  File "/home/nassi/BootSetup/BotEnv/lib/python3.14/site-packages/telebot/util.py", line 154, in raise_exceptions
    raise self.exception_info
  File "/home/nassi/BootSetup/BotEnv/lib/python3.14/site-packages/telebot/util.py", line 97, in run
    task(*args, **kwargs)
    ~~~~^^^^^^^^^^^^^^^^^
  File "/home/nassi/BootSetup/BotEnv/lib/python3.14/site-packages/telebot/__init__.py", line 10456, in _run_middlewares_and_handler
    result = handler['function'](message)
  File "/home/nassi/BootSetup/GetCourseLinkSuperPower.py", line 454, in cmd_broadcast
    bot.send_message(
    ~~~~~~~~~~~~~~~~^
        message.chat.id,
        ^^^^^^^^^^^^^^^^
        "Usage: /broadcast <message>\n\nExample:\n/broadcast Hello everyone! 🎉"
        ^^^^^^^^^^^^^^^^^^^^^^^^^^^^^^^^^^^^^^^^^^^^^^^^^^^^^^^^^^^^^^^^^^^^^^^^
    )
    ^
  File "/home/nassi/BootSetup/BotEnv/lib/python3.14/site-packages/telebot/__init__.py", line 1834, in send_message
    apihelper.send_message(
    ~~~~~~~~~~~~~~~~~~~~~~^
        self.token, chat_id, text,
        ^^^^^^^^^^^^^^^^^^^^^^^^^^
    ...<4 lines>...
        suggested_post_parameters=suggested_post_parameters
        ^^^^^^^^^^^^^^^^^^^^^^^^^^^^^^^^^^^^^^^^^^^^^^^^^^^
    )
    ^
  File "/home/nassi/BootSetup/BotEnv/lib/python3.14/site-packages/telebot/apihelper.py", line 282, in send_message
    return _make_request(token, method_url, params=payload, method='post')
  File "/home/nassi/BootSetup/BotEnv/lib/python3.14/site-packages/telebot/apihelper.py", line 168, in _make_request
    json_result = _check_result(method_name, result)
  File "/home/nassi/BootSetup/BotEnv/lib/python3.14/site-packages/telebot/apihelper.py", line 197, in _check_result
    raise ApiTelegramException(method_name, result, result_json)
telebot.apihelper.ApiTelegramException: A request to the Telegram API was unsuccessful. Error code: 400. Description: Bad Request: can't parse entities: Unsupported start tag "message" at byte offset 18

2026-04-02 18:21:10,652 [INFO] User 7020797610 (@oooooooby) → /start
2026-04-02 18:21:10,769 [WARNING] Subscription check failed for 7020797610: A request to the Telegram API was unsuccessful. Error code: 400. Description: Bad Request: chat not found
2026-04-02 18:21:19,132 [WARNING] Subscription check failed for 7020797610: A request to the Telegram API was unsuccessful. Error code: 400. Description: Bad Request: chat not found
2026-04-02 18:21:19,134 [INFO] User 7020797610 not subscribed yet.
